{"level":"info","message":"[DATABASE]Database connected","timestamp":"2024-05-17T21:35:01.514Z"}
{"level":"info","message":"[SERVER]Server on port 8080","timestamp":"2024-05-17T21:35:01.520Z"}
{"level":"error","message":"logger.d is not a function","timestamp":"2024-05-17T21:35:03.926Z"}
{"level":"info","message":"[SERVER]Server on port 8080","timestamp":"2024-05-17T21:35:03.934Z"}
{"level":"error","message":"logger.d is not a function","timestamp":"2024-05-17T21:35:23.717Z"}
{"level":"info","message":"[SERVER]Server on port 8080","timestamp":"2024-05-17T21:35:23.725Z"}
{"level":"error","message":"logger.d is not a function","timestamp":"2024-05-17T21:35:58.926Z"}
{"level":"info","message":"[SERVER]Server on port 8080","timestamp":"2024-05-17T21:35:58.931Z"}
{"level":"info","message":"[DATABASE]Database connected","timestamp":"2024-05-17T21:37:13.701Z"}
{"level":"info","message":"[SERVER]Server on port 8080","timestamp":"2024-05-17T21:37:13.710Z"}
{"level":"info","message":"[DATABASE]Database connected","timestamp":"2024-05-17T21:39:01.602Z"}
{"level":"info","message":"[SERVER]Server on port 8080","timestamp":"2024-05-17T21:39:01.606Z"}
{"level":"info","message":"[DATABASE]Database connected","timestamp":"2024-05-17T21:39:27.722Z"}
{"level":"info","message":"[SERVER]Server on port 8080","timestamp":"2024-05-17T21:39:27.727Z"}
{"level":"info","message":"[DATABASE]Database connected","timestamp":"2024-05-17T21:39:46.552Z"}
{"level":"info","message":"[SERVER]Server on port 8080","timestamp":"2024-05-17T21:39:46.557Z"}
{"level":"info","message":"[DATABASE]Database connected","timestamp":"2024-05-17T21:41:13.994Z"}
{"level":"info","message":"[SERVER]Server on port 8080","timestamp":"2024-05-17T21:41:13.998Z"}
{"level":"info","message":"[DATABASE]Database connected"}
{"level":"info","message":"[SERVER]Server on port 8080"}
{"level":"info","message":"[DATABASE]Database connected"}
{"level":"info","message":"[SERVER]Server on port 8080"}
{"level":"info","message":"[DATABASE]Database connected"}
{"level":"info","message":"[SERVER]Server on port 8080"}
{"level":"info","message":"[DATABASE]Database connected"}
{"level":"info","message":"[SERVER]Server on port 8080"}
{"level":"error","message":"logger.d is not a function","timestamp":"2024-05-17T21:48:33.712Z"}
{"level":"info","message":"[SERVER]Server on port 8080","timestamp":"2024-05-17T21:48:33.716Z"}
{"level":"error","message":"logger.d is not a function","timestamp":"24-05-17 17:49:41"}
{"level":"info","message":"[SERVER]Server on port 8080","timestamp":"24-05-17 17:49:41"}
{"level":"error","message":"logger.d is not a function","timestamp":"17-05-2024 17:50:44"}
{"level":"info","message":"[SERVER]Server on port 8080","timestamp":"17-05-2024 17:50:44"}
 undefined  17-05-2024 17:51:24  error : logger.d is not a function
 undefined  17-05-2024 17:51:24  info : [SERVER]Server on port 8080
 undefined  17-05-2024 17:53:36  [error]: logger.d is not a function
 undefined  17-05-2024 17:53:36  [info]: [SERVER]Server on port 8080
 undefined  17-05-2024 17:54:43  [function toUpperCase() { [native code] }]: logger.d is not a function
 undefined  17-05-2024 17:54:43  [function toUpperCase() { [native code] }]: [SERVER]Server on port 8080
 undefined  17-05-2024 17:55:03  [error]: logger.d is not a function
 undefined  17-05-2024 17:55:03  [info]: [SERVER]Server on port 8080
 undefined  17-05-2024 17:55:08  [error]:logger.d is not a function
 undefined  17-05-2024 17:55:08  [info]:[SERVER]Server on port 8080
 undefined [17-05-2024 17:55:26] [error]:logger.d is not a function
 undefined [17-05-2024 17:55:26] [info]:[SERVER]Server on port 8080
 [undefined] [17-05-2024 17:57:04] [error]:logger.d is not a function
 [undefined] [17-05-2024 17:57:04] [info]:[SERVER]Server on port 8080
 [undefined] [17-05-2024 17:58:40] [[31merror[39m]:[31mlogger.d is not a function[39m
 [undefined] [17-05-2024 17:58:40] [[36minfo[39m]:[36m[SERVER]Server on port 8080[39m
 [undefined] [17-05-2024 17:58:57] [[31merror[39m]:[31mlogger.d is not a function[39m
 [undefined] [17-05-2024 17:58:57] [[36minfo[39m]:[36m[SERVER]Server on port 8080[39m
 [undefined] [17-05-2024 17:59:01] [error]:logger.d is not a function
 [undefined] [17-05-2024 17:59:01] [info]:[SERVER]Server on port 8080
 [[LOGGER]] [17-05-2024 17:59:19] [error]:logger.d is not a function
 [[LOGGER]] [17-05-2024 17:59:19] [info]:[SERVER]Server on port 8080
 [[LOGGER]] [17-05-2024 17:59:27] [error]:logger.d is not a function
 [[LOGGER]] [17-05-2024 17:59:27] [info]:[SERVER]Server on port 8080
 [LOGGER] [17-05-2024 18:00:03] [error]:logger.d is not a function
 [LOGGER] [17-05-2024 18:00:03] [info]:[SERVER]Server on port 8080
 [LOGGER] [17-05-2024 18:00:17] [error]:logger.d is not a function
 [LOGGER] [17-05-2024 18:00:17] [info]:[SERVER]Server on port 8080
 [LOGGER] [17-05-2024 18:00:36] [info]:[DATABASE]Database connected
 [LOGGER] [17-05-2024 18:00:36] [info]:[SERVER]Server on port 8080
 [LOGGER] [17-05-2024 18:00:56] [error]:logger.D is not a function
 [LOGGER] [17-05-2024 18:00:56] [info]:[SERVER]Server on port 8080
 [LOGGER] [17-05-2024 18:05:36] [error]:logger.D is not a function
 [LOGGER] [17-05-2024 18:05:36] [info]:[SERVER]Server on port 8080
 [LOGGER] [17-05-2024 18:06:31] [undefined]:logger.D is not a function
 [LOGGER] [17-05-2024 18:06:31] [undefined]:[SERVER]Server on port 8080
 [LOGGER] [17-05-2024 18:06:43] [error]:logger.D is not a function
 [LOGGER] [17-05-2024 18:06:43] [info]:[SERVER]Server on port 8080
 [LOGGER] [17-05-2024 18:08:41] [function toUpperCase() { [native code] }]:logger.D is not a function
 [LOGGER] [17-05-2024 18:08:41] [function toUpperCase() { [native code] }]:[SERVER]Server on port 8080
 [LOGGER] [17-05-2024 18:09:28] [function toUpperCase() { [native code] }]:logger.D is not a function
 [LOGGER] [17-05-2024 18:09:28] [function toUpperCase() { [native code] }]:[SERVER]Server on port 8080
 [LOGGER] [17-05-2024 18:09:45] [[31merror[39m]:logger.D is not a function
 [LOGGER] [17-05-2024 18:09:45] [[36minfo[39m]:[SERVER]Server on port 8080
 [LOGGER] [17-05-2024 18:10:25] [error]:logger.D is not a function
 [LOGGER] [17-05-2024 18:10:25] [info]:[SERVER]Server on port 8080
 [LOGGER] [17-05-2024 18:10:45] [info]:[SERVER]Server on port 8080
 [LOGGER] [17-05-2024 18:10:50] [info]:[SERVER]Server on port 8080
 [LOGGER] [17-05-2024 18:11:47] [info]:[SERVER]Server on port 8080
 [LOGGER] [17-05-2024 18:12:35] [info]:[SERVER]Server on port 8080
 [LOGGER] [17-05-2024 18:12:47] [info]:[SERVER]Server on port 8080
 [LOGGER] [17-05-2024 18:12:53] [info]:Server on port 8080
 [LOGGER] [17-05-2024 18:13:32] [info] : Server on port 8080
 [LOGGER] [17-05-2024 18:13:34] [info] : Server on port 8080
 [LOGGER] [17-05-2024 18:19:01] [info] : Server on port 8080
 [SERVER-LOGGER] [17-05-2024 18:41:06] [info] : Server on port 8080
 [SERVER-LOGGER] [17-05-2024 18:41:18] [info] : Database connected
 [SERVER-LOGGER] [17-05-2024 18:41:18] [info] : Server on port 8080
 [SERVER][LOGGER] [17-05-2024 18:45:12] [info] : Database connected
 [SERVER][LOGGER] [17-05-2024 18:45:12] [info] : Server on port 8080
 [SERVER][LOGGER] [17-05-2024 18:45:38] [info] : Database connected
 [SERVER][LOGGER] [17-05-2024 18:45:38] [info] : Server on port 8080
 [SERVER][LOGGER] [17-05-2024 18:46:05] [info] : Server on port 8080
 [SERVER][LOGGER] [17-05-2024 18:46:09] [info] : Server on port 8080
 [SERVER][LOGGER] [17-05-2024 18:46:45] [info] : Server on port 8080
 [SERVER][LOGGER] [17-05-2024 18:47:30] [info] : Server on port 8080
 [SERVER][LOGGER] [17-05-2024 18:47:59] [info] : Server on port 8080
 [SERVER][LOGGER] [17-05-2024 18:48:08] [info] : Server on port 8080
 [SERVER][LOGGER][17-05-2024 18:48:35] [info] : Server on port 8080
 [SERVER][LOGGER][17-05-2024 18:49:19][info] : Server on port 8080
 [SERVER][LOGGER][17-05-2024 18:50:46][error] : logger.d is not a function
 [SERVER][LOGGER][17-05-2024 18:50:46][info] : Server on port 8080
 [SERVER][LOGGER][17-05-2024 18:52:26][error] : logger.d is not a function
 [SERVER][LOGGER][17-05-2024 18:52:26][info] : Server on port 8080
 [SERVER][LOGGER][17-05-2024 18:52:31][error] : logger.d is not a function
 [SERVER][LOGGER][17-05-2024 18:52:31][info] : Server on port 8080
 [SERVER][LOGGER][17-05-2024 18:52:38][error] : logger.d is not a function
 [SERVER][LOGGER][17-05-2024 18:52:38][info] : Server on port 8080
 [SERVER][LOGGER][17-05-2024 18:53:38][info] : Server on port 8080
 [SERVER][LOGGER][17-05-2024 18:54:16][undefined] : Server on port 8080
 [SERVER][LOGGER][17-05-2024 18:56:01][info] : Server on port 8080
 [SERVER][LOGGER][17-05-2024 18:59:30][info] : Server on port 8080
 [SERVER][LOGGER][17-05-2024 19:00:21][info] : Server on port 8080
 [SERVER][LOGGER][17-05-2024 19:01:44][info] : Server on port 8080
 [SERVER][LOGGER][17-05-2024 19:03:13][info] : Server on port 8080
 [SERVER][LOGGER][17-05-2024 19:03:39][info] : Server on port 8080
 [SERVER][LOGGER][17-05-2024 19:04:53][info] : Server on port 8080
 [SERVER][LOGGER][17-05-2024 19:04:55][info] : Server on port 8080
 [SERVER][LOGGER][21-05-2024 22:03:27][error] : Could not connect to any servers in your MongoDB Atlas cluster. One common reason is that you're trying to access the database from an IP that isn't whitelisted. Make sure your current IP address is on your Atlas cluster's IP whitelist: https://www.mongodb.com/docs/atlas/security-whitelist/
 [SERVER][LOGGER][21-05-2024 22:04:42][error] : Could not connect to any servers in your MongoDB Atlas cluster. One common reason is that you're trying to access the database from an IP that isn't whitelisted. Make sure your current IP address is on your Atlas cluster's IP whitelist: https://www.mongodb.com/docs/atlas/security-whitelist/
 [SERVER][LOGGER][21-05-2024 22:05:30][error] : Could not connect to any servers in your MongoDB Atlas cluster. One common reason is that you're trying to access the database from an IP that isn't whitelisted. Make sure your current IP address is on your Atlas cluster's IP whitelist: https://www.mongodb.com/docs/atlas/security-whitelist/
 [SERVER][LOGGER][21-05-2024 22:06:10][error] : Could not connect to any servers in your MongoDB Atlas cluster. One common reason is that you're trying to access the database from an IP that isn't whitelisted. Make sure your current IP address is on your Atlas cluster's IP whitelist: https://www.mongodb.com/docs/atlas/security-whitelist/
 [SERVER][LOGGER][21-05-2024 22:08:14][error] : Could not connect to any servers in your MongoDB Atlas cluster. One common reason is that you're trying to access the database from an IP that isn't whitelisted. Make sure your current IP address is on your Atlas cluster's IP whitelist: https://www.mongodb.com/docs/atlas/security-whitelist/
 [SERVER][LOGGER][21-05-2024 22:08:14][error] : Could not connect to any servers in your MongoDB Atlas cluster. One common reason is that you're trying to access the database from an IP that isn't whitelisted. Make sure your current IP address is on your Atlas cluster's IP whitelist: https://www.mongodb.com/docs/atlas/security-whitelist/
 [SERVER][LOGGER][23-05-2024 13:24:30][error] : querySrv ECONNREFUSED _mongodb._tcp.cluster0.cunsori.mongodb.net
 [SERVER][LOGGER][23-05-2024 13:40:44][error] : querySrv ECONNREFUSED _mongodb._tcp.cluster0.cunsori.mongodb.net
 [SERVER][LOGGER][24-05-2024 19:23:29][error] : Could not connect to any servers in your MongoDB Atlas cluster. One common reason is that you're trying to access the database from an IP that isn't whitelisted. Make sure your current IP address is on your Atlas cluster's IP whitelist: https://www.mongodb.com/docs/atlas/security-whitelist/
