 [SERVER][LOGGER][17-12-2024 20:08:08][error] : Error 500: Error creating user
 [SERVER][LOGGER][17-12-2024 20:09:25][error] : [Error]:500 > Error creating user
 [SERVER][LOGGER][17-12-2024 20:09:47][error] : [Error]:500 : Error creating user
 [SERVER][LOGGER][17-12-2024 20:12:32][error] : [Error]:500 : Error creating user
 [SERVER][LOGGER][17-12-2024 20:42:03][error] : [Error]:500 : Error creating user
 [SERVER][LOGGER][17-12-2024 20:43:38][error] : Database error: (intermediate value) is not iterable
 [SERVER][LOGGER][17-12-2024 20:43:38][error] : [Error]:500 : Error creating user
 [SERVER][LOGGER][17-12-2024 20:45:00][error] : Database error: (intermediate value) is not iterable
 [SERVER][LOGGER][17-12-2024 20:45:00][error] : [Error]:500 : Error creating user
 [SERVER][LOGGER][18-12-2024 09:23:20][error] : [Error]:400 : All fields are required
 [SERVER][LOGGER][18-12-2024 09:23:48][error] : Database error: (intermediate value) is not iterable
 [SERVER][LOGGER][18-12-2024 09:23:48][error] : [Error]:500 : Error creating user
 [SERVER][LOGGER][18-12-2024 09:25:31][error] : Database error: (intermediate value) is not iterable
 [SERVER][LOGGER][18-12-2024 09:25:31][error] : [Error]:500 : Error creating user
 [SERVER][LOGGER][18-12-2024 13:59:07][error] : Database error: (intermediate value) is not iterable
 [SERVER][LOGGER][18-12-2024 13:59:07][error] : [Error]:500 : Error creating user
 [SERVER][LOGGER][18-12-2024 14:01:11][error] : Database error: (intermediate value) is not iterable
 [SERVER][LOGGER][18-12-2024 14:01:11][error] : [Error]:500 : Error creating user
 [SERVER][LOGGER][18-12-2024 14:09:14][error] : Database error: Bind parameters must not contain undefined. To pass SQL NULL specify JS null
 [SERVER][LOGGER][18-12-2024 14:09:14][error] : [Error]:500 : Error creating user
 [SERVER][LOGGER][18-12-2024 18:45:03][error] : Database error: Bind parameters must not contain undefined. To pass SQL NULL specify JS null
 [SERVER][LOGGER][18-12-2024 18:45:03][error] : [Error]:500 : Error creating user
 [SERVER][LOGGER][18-12-2024 18:46:37][error] : Database error: Bind parameters must not contain undefined. To pass SQL NULL specify JS null
 [SERVER][LOGGER][18-12-2024 18:46:37][error] : [Error]:500 : Error creating user
 [SERVER][LOGGER][18-12-2024 18:47:45][error] : Database error: Bind parameters must not contain undefined. To pass SQL NULL specify JS null
 [SERVER][LOGGER][18-12-2024 18:47:45][error] : [Error]:500 : Error creating user
 [SERVER][LOGGER][18-12-2024 18:48:47][error] : Database error: Data too long for column 'password' at row 1
 [SERVER][LOGGER][18-12-2024 18:48:47][error] : [Error]:500 : Error creating user
 [SERVER][LOGGER][18-12-2024 18:50:26][error] : Database error: Data too long for column 'password' at row 1
 [SERVER][LOGGER][18-12-2024 18:50:26][error] : [Error]:500 : Error creating user
 [SERVER][LOGGER][18-12-2024 18:54:17][error] : Database error: Field 'id_user' doesn't have a default value
 [SERVER][LOGGER][18-12-2024 18:54:17][error] : [Error]:500 : Error creating user
 [SERVER][LOGGER][18-12-2024 19:50:08][error] : Database error: Table 'bpqpbgwinhge5pm1dq81.User' doesn't exist
 [SERVER][LOGGER][18-12-2024 19:50:08][error] : [Error]:500 : Error creating user
 [SERVER][LOGGER][18-12-2024 20:16:48][error] : [createUserService] - User exist
 [SERVER][LOGGER][18-12-2024 20:16:48][error] : [Error]:500 : Error creating user
 [SERVER][LOGGER][18-12-2024 20:19:37][error] : [createUserService] - User exist
 [SERVER][LOGGER][18-12-2024 20:19:37][error] : [Error]:500 : Error: Error inserting user into database - User already
 [SERVER][LOGGER][18-12-2024 20:24:17][error] : [createUserService] - User exist
 [SERVER][LOGGER][18-12-2024 20:24:17][error] : [Error]:500 : Error: Error inserting user into database - User already
 [SERVER][LOGGER][18-12-2024 20:24:58][error] : [createUserService] - User exist
 [SERVER][LOGGER][18-12-2024 20:24:58][error] : [Error]:500 : Error: Error inserting user into database - User already
 [SERVER][LOGGER][18-12-2024 20:25:11][error] : [createUserService] - User exist
 [SERVER][LOGGER][18-12-2024 20:25:11][error] : [Error]:500 : Error: Error inserting user into database - User already
 [SERVER][LOGGER][18-12-2024 20:26:25][error] : [createUserService] - User exist
 [SERVER][LOGGER][18-12-2024 20:26:25][error] : [Error]:500 : Error: inserting user into database - User already
 [SERVER][LOGGER][18-12-2024 20:27:42][error] : [createUserService] - User exist
 [SERVER][LOGGER][18-12-2024 20:27:42][error] : [Error]:500 : Error: User already!
 [SERVER][LOGGER][18-12-2024 20:29:10][error] : [createUserService] - User exist
 [SERVER][LOGGER][18-12-2024 20:29:10][error] : Error: User already!
 [SERVER][LOGGER][18-12-2024 20:29:55][error] : [createUserService] - User exist
 [SERVER][LOGGER][18-12-2024 20:30:32][error] : [createUserService] - User exist
 [SERVER][LOGGER][18-12-2024 20:54:50][error] : [createUserService] - User exist
 [SERVER][LOGGER][18-12-2024 20:55:53][error] : [createUserService] - User exist
 [SERVER][LOGGER][18-12-2024 20:58:35][error] : [createUserService] - User exist
 [SERVER][LOGGER][18-12-2024 20:58:35][error] : User already!
 [SERVER][LOGGER][18-12-2024 21:00:01][error] : [getUserIdService] - Invalid email format
 [SERVER][LOGGER][18-12-2024 21:00:01][error] : Invalid email format
 [SERVER][LOGGER][18-12-2024 21:04:18][error] : [createUserService] - User exist
 [SERVER][LOGGER][18-12-2024 21:04:18][error] : User already!
 [SERVER][LOGGER][18-12-2024 21:04:37][error] : [createUserService] - User exist
 [SERVER][LOGGER][18-12-2024 21:04:37][error] : User already!
 [SERVER][LOGGER][19-12-2024 14:07:57][error] : [createUserService] - User exist
 [SERVER][LOGGER][19-12-2024 14:07:57][error] : User already!
 [SERVER][LOGGER][19-12-2024 14:09:18][error] : [createUserService] - User exist
 [SERVER][LOGGER][19-12-2024 14:09:18][error] : User already!
 [SERVER][LOGGER][19-12-2024 14:09:25][error] : [getUserIdService] - Invalid email format
 [SERVER][LOGGER][19-12-2024 14:09:25][error] : Invalid email format
 [SERVER][LOGGER][19-12-2024 14:09:33][error] : [createUserService] - User exist
 [SERVER][LOGGER][19-12-2024 14:09:33][error] : User already!
 [SERVER][LOGGER][19-12-2024 15:01:39][error] : [createUserService] - User exist
 [SERVER][LOGGER][19-12-2024 15:01:39][error] : User already!
 [SERVER][LOGGER][19-12-2024 15:02:19][error] : [createUserService] - User exist
 [SERVER][LOGGER][19-12-2024 15:02:19][error] : User already!
 [SERVER][LOGGER][19-12-2024 15:05:55][error] : [createUserService] - User exist
 [SERVER][LOGGER][19-12-2024 15:05:55][error] : User already!
 [SERVER][LOGGER][19-12-2024 15:06:26][error] : [createUserService] - User exist
 [SERVER][LOGGER][19-12-2024 15:06:26][error] : User already!
 [SERVER][LOGGER][19-12-2024 15:07:34][error] : [createUserService] - User exist
 [SERVER][LOGGER][19-12-2024 15:07:34][error] : User already!
